2025-08-27 17:33:02,479 - ✓ 28755295: 0 ads
2025-08-27 17:33:03,024 - ✓ Publicidad Ahal BUENA: 20 ads
2025-08-27 17:33:03,199 - ✓ Reset A&F: 39 ads
2025-08-27 17:33:03,570 - ✓ GRUPO PRESLOW/ROCKHAMPTON: 49 ads
2025-08-27 17:33:03,708 - ✓ Zendio: 78 ads
2025-08-27 17:33:03,730 - ✓ Essentiasl Mx: 53 ads
2025-08-27 17:33:03,786 - ✓ Arua Joyería: 67 ads
2025-08-27 17:33:03,879 - ✓ Ana Sol Carrera: 87 ads
2025-08-27 17:33:04,021 - ✓ S & S GOURMET: 46 ads
2025-08-27 17:33:04,125 - ✓ Cero Degrees North Ad Account: 93 ads
2025-08-27 17:33:04,746 - ✓ Anuncios MEETIK: 95 ads
2025-08-27 17:33:04,756 - ✓ Kocare Beauty: 85 ads
2025-08-27 17:33:04,760 - ✓ Aretina 621212048277595: 106 ads
2025-08-27 17:33:05,584 - ✓ Charm Factory - Kosette Beltra: 0 ads
2025-08-27 17:33:05,619 - ✓ Zanetti: 70 ads
2025-08-27 17:33:05,766 - ✓ Pautas Citlali Joyas: 157 ads
2025-08-27 17:33:06,164 - ✓ HAPE MEXICO: 125 ads
2025-08-27 17:33:07,332 - ✓ Olimpo Backup: 0 ads
2025-08-27 17:33:07,576 - ✓ PUBLICIDAD TITARINAS: 76 ads
2025-08-27 17:33:07,884 - ✓ Multiblue Shopify Only: 162 ads
2025-08-27 17:33:08,392 - ✓ Rose&Mimosas: 71 ads
2025-08-27 17:33:08,621 - ✓ RENOVAINFINITY MEXICO: 181 ads
2025-08-27 17:33:08,839 - ✓ KRAPEL CUENTA PUBLICITARIA: 87 ads
2025-08-27 17:33:09,154 - ✓ Smellers MX: 123 ads
2025-08-27 17:33:09,258 - ✓ Lactana cuenta publicitaria LF: 91 ads
2025-08-27 17:33:09,610 - ✓ FITFAM APP: 0 ads
2025-08-27 17:33:09,864 - ✓ Regula: 241 ads
2025-08-27 17:33:09,968 - ✓ YEKE ADS: 124 ads
2025-08-27 17:33:09,976 - ✓ SEPUA: 65 ads
2025-08-27 17:33:09,995 - ✓ APOLO 1.0: 73 ads
2025-08-27 17:33:10,124 - ✓ Charm Factory - Ads Alchemy: 147 ads
2025-08-27 17:33:10,439 - ✓ 217777970: 129 ads
2025-08-27 17:33:11,083 - ✓ Piu Pieza Unica: 128 ads
2025-08-27 17:33:11,149 - ✓ WU: 99 ads
2025-08-27 17:33:11,411 - ✓ ApiGreen Cuenta Publicitaria: 109 ads
2025-08-27 17:33:11,757 - ✓ Dr. Mon Ecommerce: 163 ads
2025-08-27 17:33:11,844 - ✓ VITDAYMX: 517 ads
2025-08-27 17:33:12,045 - ✓ SANTA_PHIA_1: 102 ads
2025-08-27 17:33:12,062 - ✓ Blue Banana Brand México: 98 ads
2025-08-27 17:33:12,168 - ✓ origoshoes.mexico: 92 ads
2025-08-27 17:33:12,175 - ✓ Koro Beauty: 72 ads
2025-08-27 17:33:12,683 - ✓ Oaxacapsx: 84 ads
2025-08-27 17:33:13,610 - ✓ JerseyEra's ad account: 93 ads
2025-08-27 17:33:13,613 - ✓ Tafg Cuenta Publicitaria: 44 ads
2025-08-27 17:33:14,311 - ✓ Gorilla Pump CUENTA: 119 ads
2025-08-27 17:33:14,412 - ✓ Roze Parfum: 85 ads
2025-08-27 17:33:14,677 - ✓ CP-SOHOCOLOR: 67 ads
2025-08-27 17:33:14,934 - ✓ Stone Fragrances Ads: 99 ads
2025-08-27 17:33:15,006 - ✓ LeanTravel: 79 ads
2025-08-27 17:33:15,029 - ✓ Naturale 2024: 231 ads
2025-08-27 17:33:15,041 - ✓ Aromaespejo portafolio: 156 ads
2025-08-27 17:33:15,045 - ✓ Cloe Time Shopify: 100 ads
2025-08-27 17:33:15,048 - ✓ SCENTICA: 100 ads
2025-08-27 17:33:15,052 - ✓ popmartmexico.shop's ad accoun: 126 ads
2025-08-27 17:33:16,731 - ✓ koneli.mx: 239 ads
2025-08-27 17:33:16,959 - ✓ Cuenta Comercial 2: 411 ads
2025-08-27 17:33:17,140 - ✓ PUBLICIDAD PERFUMARA: 356 ads
2025-08-27 17:33:17,201 - ✓ Moscca Fine Fragrance: 184 ads
2025-08-27 17:33:18,852 - ✓ Entiii: 278 ads
2025-08-27 17:33:25,243 - ✓ Mandala: 589 ads
2025-08-27 17:33:28,014 - ✓ Petcare 2: 646 ads
2025-08-27 17:33:31,414 - Timeout Chabacano 1, nouvelle tentative
2025-08-27 17:34:06,718 - Timeout Chabacano 1, nouvelle tentative
2025-08-27 17:34:41,844 - Timeout Chabacano 1, nouvelle tentative
2025-08-27 17:35:17,068 - Timeout Chabacano 1, nouvelle tentative
2025-08-27 17:35:52,104 - Timeout Chabacano 1, nouvelle tentative
2025-08-27 17:36:27,164 - Timeout Chabacano 1, nouvelle tentative
2025-08-27 17:37:02,213 - Timeout Chabacano 1, nouvelle tentative
2025-08-27 17:37:37,349 - Timeout Chabacano 1, nouvelle tentative
