2025-08-27 17:40:28,544 - ⚠️ Skip temporaire de Chabacano 1 (trop gros)
2025-08-27 17:40:30,558 - ✓ 28755295: 11 ads
2025-08-27 17:40:32,760 - ✓ Reset A&F: 140 ads
2025-08-27 17:40:32,988 - ✓ Essentiasl Mx: 210 ads
2025-08-27 17:40:33,572 - ✓ Zendio: 293 ads
2025-08-27 17:40:33,867 - ✓ Charm Factory - Kosette Beltra: 0 ads
2025-08-27 17:40:34,150 - ✓ GRUPO PRESLOW/ROCKHAMPTON: 312 ads
2025-08-27 17:40:34,270 - ✓ Arua Joyería: 250 ads
2025-08-27 17:40:34,318 - ✓ HAPE MEXICO: 438 ads
2025-08-27 17:40:34,588 - ✓ Zanetti: 339 ads
2025-08-27 17:40:35,536 - ✓ Ana Sol Carrera: 431 ads
2025-08-27 17:40:36,370 - ✓ PUBLICIDAD TITARINAS: 306 ads
2025-08-27 17:40:36,473 - ✓ Anuncios MEETIK: 391 ads
2025-08-27 17:40:36,887 - ✓ S & S GOURMET: 256 ads
2025-08-27 17:40:36,909 - ✓ Olimpo Backup: 144 ads
2025-08-27 17:40:37,775 - ✓ FITFAM APP: 0 ads
2025-08-27 17:40:37,871 - ✓ Publicidad Ahal BUENA: 233 ads
2025-08-27 17:40:37,922 - ✓ RENOVAINFINITY MEXICO: 589 ads
2025-08-27 17:40:38,109 - ✓ Cero Degrees North Ad Account: 333 ads
2025-08-27 17:40:38,337 - ✓ Lactana cuenta publicitaria LF: 380 ads
2025-08-27 17:40:38,828 - ✓ RAW APHOTECARY 2: 0 ads
2025-08-27 17:40:39,363 - ✓ Kocare Beauty: 360 ads
2025-08-27 17:40:40,011 - ✓ Aretina 621212048277595: 486 ads
2025-08-27 17:40:40,394 - ✓ shopify: 678 ads
2025-08-27 17:40:40,640 - ✓ YEKE ADS: 444 ads
2025-08-27 17:40:40,774 - ✓ APOLO 1.0: 298 ads
2025-08-27 17:40:41,272 - ✓ Regula: 0 ads
2025-08-27 17:40:41,541 - ✓ Smellers MX: 448 ads
2025-08-27 17:40:42,440 - ✓ Pautas Citlali Joyas: 541 ads
2025-08-27 17:40:43,016 - ✓ Multiblue Shopify Only: 698 ads
2025-08-27 17:40:43,581 - ✓ Blue Banana Brand México: 303 ads
2025-08-27 17:40:43,691 - ✓ SANTA_PHIA_1: 468 ads
2025-08-27 17:40:44,153 - ✓ origoshoes.mexico: 314 ads
2025-08-27 17:40:44,350 - ✓ Koro Beauty: 404 ads
2025-08-27 17:40:45,095 - ✓ CP-SOHOCOLOR: 242 ads
2025-08-27 17:40:46,759 - ✓ JerseyEra's ad account: 354 ads
2025-08-27 17:40:46,824 - ✓ Naturale 2024: 501 ads
2025-08-27 17:40:47,614 - ✓ Tafg Cuenta Publicitaria: 271 ads
2025-08-27 17:40:48,110 - ✓ Stone Fragrances Ads: 293 ads
2025-08-27 17:40:48,844 - ✓ LeanTravel: 268 ads
2025-08-27 17:40:49,244 - ✓ Charm Factory - Ads Alchemy: 606 ads
2025-08-27 17:40:49,557 - ✓ popmartmexico.shop's ad accoun: 365 ads
2025-08-27 17:40:50,163 - ✓ Roze Parfum: 359 ads
2025-08-27 17:40:50,612 - ✓ SCENTICA: 281 ads
2025-08-27 17:40:50,624 - ✓ Cloe Time Shopify: 337 ads
2025-08-27 17:40:50,798 - ✓ Oaxacapsx: 498 ads
2025-08-27 17:40:50,932 - ✓ SEPUA: 248 ads
2025-08-27 17:40:51,576 - ✓ koneli.mx: 933 ads
2025-08-27 17:40:51,728 - ✓ WU: 207 ads
2025-08-27 17:40:52,543 - ✓ Gorilla Pump CUENTA: 431 ads
2025-08-27 17:40:52,689 - ✓ Rose&Mimosas: 357 ads
2025-08-27 17:40:52,924 - ✓ Piu Pieza Unica: 442 ads
2025-08-27 17:40:55,826 - ✓ KRAPEL CUENTA PUBLICITARIA: 319 ads
2025-08-27 17:40:55,851 - ✓ Aromaespejo portafolio: 0 ads
2025-08-27 17:40:58,567 - Timeout 217777970, nouvelle tentative
2025-08-27 17:40:58,594 - Timeout PUBLICIDAD PERFUMARA, nouvelle tentative
2025-08-27 17:40:58,607 - Timeout Dr. Mon Ecommerce, nouvelle tentative
2025-08-27 17:40:58,620 - Timeout ApiGreen Cuenta Publicitaria, nouvelle tentative
2025-08-27 17:41:04,033 - ✓ Mandala: 0 ads
2025-08-27 17:41:04,072 - ✓ Entiii: 0 ads
2025-08-27 17:41:07,257 - ✓ VITDAYMX: 1762 ads
2025-08-27 17:41:07,833 - Timeout Moscca Fine Fragrance, nouvelle tentative
2025-08-27 17:41:11,326 - ✓ Cuenta Comercial 2: 1208 ads
2025-08-27 17:41:11,566 - Timeout Petcare 2, nouvelle tentative
2025-08-27 17:41:32,877 - ✓ ApiGreen Cuenta Publicitaria: 516 ads
2025-08-27 17:41:33,620 - Timeout 217777970, nouvelle tentative
2025-08-27 17:41:33,635 - Timeout PUBLICIDAD PERFUMARA, nouvelle tentative
2025-08-27 17:41:33,637 - Timeout Dr. Mon Ecommerce, nouvelle tentative
2025-08-27 17:41:42,881 - Timeout Moscca Fine Fragrance, nouvelle tentative
2025-08-27 17:41:46,607 - Timeout Petcare 2, nouvelle tentative
2025-08-27 17:42:08,927 - Timeout 217777970, nouvelle tentative
2025-08-27 17:42:09,014 - Timeout PUBLICIDAD PERFUMARA, nouvelle tentative
2025-08-27 17:42:09,014 - Timeout Dr. Mon Ecommerce, nouvelle tentative
2025-08-27 17:42:18,081 - Timeout Moscca Fine Fragrance, nouvelle tentative
2025-08-27 17:42:21,640 - Timeout Petcare 2, nouvelle tentative
2025-08-27 17:42:44,695 - Timeout Dr. Mon Ecommerce, nouvelle tentative
2025-08-27 17:42:44,696 - Timeout PUBLICIDAD PERFUMARA, nouvelle tentative
2025-08-27 17:42:44,696 - Timeout 217777970, nouvelle tentative
2025-08-27 17:42:54,385 - Timeout Moscca Fine Fragrance, nouvelle tentative
2025-08-27 17:42:57,613 - Timeout Petcare 2, nouvelle tentative
2025-08-27 17:43:19,956 - Timeout PUBLICIDAD PERFUMARA, nouvelle tentative
2025-08-27 17:43:19,957 - Timeout 217777970, nouvelle tentative
2025-08-27 17:43:19,957 - Timeout Dr. Mon Ecommerce, nouvelle tentative
2025-08-27 17:43:29,713 - Timeout Moscca Fine Fragrance, nouvelle tentative
2025-08-27 17:43:32,938 - Timeout Petcare 2, nouvelle tentative
2025-08-27 17:43:55,177 - Timeout Dr. Mon Ecommerce, nouvelle tentative
2025-08-27 17:43:55,178 - Timeout 217777970, nouvelle tentative
2025-08-27 17:43:55,178 - Timeout PUBLICIDAD PERFUMARA, nouvelle tentative
2025-08-27 17:44:04,834 - Timeout Moscca Fine Fragrance, nouvelle tentative
2025-08-27 17:44:08,051 - Timeout Petcare 2, nouvelle tentative
