2025-08-27 19:07:31,464 - ✓ 28755295: 38 ads (métriques)
2025-08-27 19:07:39,301 - ✓ Zanetti: 943 ads (métriques)
2025-08-27 19:07:39,685 - ✓ Zendio: 916 ads (métriques)
2025-08-27 19:07:41,133 - ✓ Charm Factory - Kosette Beltra: 0 ads (métriques)
2025-08-27 19:07:41,806 - ✓ Essentiasl Mx: 664 ads (métriques)
2025-08-27 19:07:42,875 - ✓ HAPE MEXICO: 895 ads (métriques)
2025-08-27 19:07:43,792 - ✓ Reset A&F: 619 ads (métriques)
2025-08-27 19:07:46,181 - ✓ GRUPO PRESLOW/ROCKHAMPTON: 915 ads (métriques)
2025-08-27 19:07:50,297 - ✓ Arua Joyería: 828 ads (métriques)
2025-08-27 19:07:56,625 -   Erreur 500 pour 217777970
2025-08-27 19:07:56,625 -   Erreur 500 pour Chabacano 1
2025-08-27 19:07:56,625 - ✓ Chabacano 1: 0 ads (métriques)
2025-08-27 19:07:56,625 - ✓ 217777970: 0 ads (métriques)
2025-08-27 19:07:56,631 -   Erreur 500 pour S & S GOURMET
2025-08-27 19:07:56,631 - ✓ S & S GOURMET: 0 ads (métriques)
2025-08-27 19:07:56,696 -   Erreur 500 pour WU
2025-08-27 19:07:56,697 - ✓ WU: 0 ads (métriques)
2025-08-27 19:07:56,726 -   Erreur 500 pour Piu Pieza Unica
2025-08-27 19:07:56,726 - ✓ Piu Pieza Unica: 0 ads (métriques)
2025-08-27 19:07:56,879 -   Erreur 500 pour KRAPEL CUENTA PUBLICITARIA
2025-08-27 19:07:56,879 - ✓ KRAPEL CUENTA PUBLICITARIA: 0 ads (métriques)
2025-08-27 19:07:58,388 - ✓ Olimpo Backup: 945 ads (métriques)
2025-08-27 19:07:59,125 - ✓ RAW APHOTECARY 2: 0 ads (métriques)
2025-08-27 19:08:00,658 - ✓ shopify: 1595 ads (métriques)
2025-08-27 19:08:01,354 - ✓ YEKE ADS: 838 ads (métriques)
2025-08-27 19:08:01,696 - ✓ FITFAM APP: 310 ads (métriques)
2025-08-27 19:08:01,755 -   Erreur 400 pour SEPUA
2025-08-27 19:08:01,755 - ✓ SEPUA: 0 ads (métriques)
2025-08-27 19:08:05,610 - ✓ Aretina 621212048277595: 1547 ads (métriques)
2025-08-27 19:08:06,775 - ✓ Multiblue Shopify Only: 1803 ads (métriques)
2025-08-27 19:08:08,496 - ✓ APOLO 1.0: 904 ads (métriques)
2025-08-27 19:08:08,712 - ✓ Pautas Citlali Joyas: 1244 ads (métriques)
2025-08-27 19:08:11,872 - ✓ Blue Banana Brand México: 502 ads (métriques)
2025-08-27 19:08:12,166 - ✓ Kocare Beauty: 1434 ads (métriques)
2025-08-27 19:08:12,200 - ✓ Cero Degrees North Ad Account: 1001 ads (métriques)
2025-08-27 19:08:12,337 - ✓ origoshoes.mexico: 793 ads (métriques)
2025-08-27 19:08:13,224 - ✓ Publicidad Ahal BUENA: 1037 ads (métriques)
2025-08-27 19:08:16,564 -   Erreur 500 pour Dr. Mon Ecommerce
2025-08-27 19:08:16,564 - ✓ Dr. Mon Ecommerce: 500 ads (métriques)
2025-08-27 19:08:17,660 - ✓ Lactana cuenta publicitaria LF: 1206 ads (métriques)
2025-08-27 19:08:20,368 - ✓ JerseyEra's ad account: 942 ads (métriques)
2025-08-27 19:08:23,152 - ✓ LeanTravel: 485 ads (métriques)
2025-08-27 19:08:23,580 -   Erreur 500 pour Rose&Mimosas
2025-08-27 19:08:23,581 - ✓ Rose&Mimosas: 500 ads (métriques)
2025-08-27 19:08:25,121 - ✓ Stone Fragrances Ads: 806 ads (métriques)
2025-08-27 19:08:25,376 - ✓ Roze Parfum: 978 ads (métriques)
2025-08-27 19:08:26,042 - ✓ Tafg Cuenta Publicitaria: 889 ads (métriques)
2025-08-27 19:08:26,173 - ✓ RENOVAINFINITY MEXICO: 1808 ads (métriques)
2025-08-27 19:08:26,447 - ✓ Gorilla Pump CUENTA: 831 ads (métriques)
2025-08-27 19:08:27,010 - ✓ Smellers MX: 1304 ads (métriques)
2025-08-27 19:08:27,310 - ✓ Cloe Time Shopify: 771 ads (métriques)
2025-08-27 19:08:29,703 - ✓ SCENTICA: 545 ads (métriques)
2025-08-27 19:08:33,525 - ✓ Charm Factory - Ads Alchemy: 2008 ads (métriques)
2025-08-27 19:08:33,652 - ✓ PUBLICIDAD TITARINAS: 1267 ads (métriques)
2025-08-27 19:08:34,279 - ✓ CP-SOHOCOLOR: 682 ads (métriques)
2025-08-27 19:08:34,336 - ✓ Ana Sol Carrera: 1260 ads (métriques)
2025-08-27 19:08:35,928 - ✓ SANTA_PHIA_1: 1550 ads (métriques)
2025-08-27 19:08:38,332 - ✓ Oaxacapsx: 1452 ads (métriques)
2025-08-27 19:08:38,355 - ✓ popmartmexico.shop's ad accoun: 1243 ads (métriques)
2025-08-27 19:08:39,744 - ✓ Anuncios MEETIK: 1150 ads (métriques)
2025-08-27 19:08:40,920 - ✓ ApiGreen Cuenta Publicitaria: 1389 ads (métriques)
2025-08-27 19:08:41,170 - ✓ Aromaespejo portafolio: 1904 ads (métriques)
2025-08-27 19:08:42,568 -   Erreur 500 pour Petcare 2
2025-08-27 19:08:42,568 - ✓ Petcare 2: 0 ads (métriques)
2025-08-27 19:08:51,503 - ✓ Koro Beauty: 1015 ads (métriques)
2025-08-27 19:08:57,417 - ✓ Naturale 2024: 1057 ads (métriques)
2025-08-27 19:09:03,393 - ✓ VITDAYMX: 4257 ads (métriques)
2025-08-27 19:09:17,136 - ✓ Moscca Fine Fragrance: 1738 ads (métriques)
2025-08-27 19:09:20,564 - ✓ koneli.mx: 2133 ads (métriques)
