2025-08-27 20:55:00,559 - ✓ 28755295: 38 ads (métriques)
2025-08-27 20:55:06,193 - ✓ Zanetti: 943 ads (métriques)
2025-08-27 20:55:06,789 - ✓ Zendio: 916 ads (métriques)
2025-08-27 20:55:07,853 - ✓ Charm Factory - Kosette Beltra: 0 ads (métriques)
2025-08-27 20:55:09,580 - ✓ Essentiasl Mx: 664 ads (métriques)
2025-08-27 20:55:10,647 - ✓ Reset A&F: 619 ads (métriques)
2025-08-27 20:55:10,964 - ✓ HAPE MEXICO: 895 ads (métriques)
2025-08-27 20:55:11,007 - ✓ GRUPO PRESLOW/ROCKHAMPTON: 915 ads (métriques)
2025-08-27 20:55:15,678 - ✓ Arua Joyería: 828 ads (métriques)
2025-08-27 20:55:23,436 - ✓ Olimpo Backup: 945 ads (métriques)
2025-08-27 20:55:23,764 - ✓ shopify: 1595 ads (métriques)
2025-08-27 20:55:24,436 - ✓ YEKE ADS: 838 ads (métriques)
2025-08-27 20:55:26,501 -   Erreur 500 pour KRAPEL CUENTA PUBLICITARIA
2025-08-27 20:55:26,501 - ✓ KRAPEL CUENTA PUBLICITARIA: 0 ads (métriques)
2025-08-27 20:55:26,544 -   Erreur 500 pour Chabacano 1
2025-08-27 20:55:26,544 - ✓ Chabacano 1: 0 ads (métriques)
2025-08-27 20:55:28,358 - ✓ APOLO 1.0: 904 ads (métriques)
2025-08-27 20:55:28,720 - ✓ FITFAM APP: 310 ads (métriques)
2025-08-27 20:55:29,032 - ✓ Aretina 621212048277595: 1547 ads (métriques)
2025-08-27 20:55:29,311 - ✓ RAW APHOTECARY 2: 0 ads (métriques)
2025-08-27 20:55:31,452 -   Erreur 500 pour SEPUA
2025-08-27 20:55:31,452 - ✓ SEPUA: 0 ads (métriques)
2025-08-27 20:55:31,533 - ✓ Pautas Citlali Joyas: 1244 ads (métriques)
2025-08-27 20:55:31,783 - ✓ Multiblue Shopify Only: 1803 ads (métriques)
2025-08-27 20:55:35,444 - ✓ Kocare Beauty: 1434 ads (métriques)
2025-08-27 20:55:35,627 - ✓ Cero Degrees North Ad Account: 1001 ads (métriques)
2025-08-27 20:55:37,808 - ✓ Blue Banana Brand México: 502 ads (métriques)
2025-08-27 20:55:39,074 - ✓ origoshoes.mexico: 793 ads (métriques)
2025-08-27 20:55:41,412 - ✓ S & S GOURMET: 961 ads (métriques)
2025-08-27 20:55:42,474 - ✓ Publicidad Ahal BUENA: 1037 ads (métriques)
2025-08-27 20:55:44,146 - ✓ PUBLICIDAD TITARINAS: 1267 ads (métriques)
2025-08-27 20:55:44,491 - ✓ Smellers MX: 1304 ads (métriques)
2025-08-27 20:55:46,477 - ✓ JerseyEra's ad account: 942 ads (métriques)
2025-08-27 20:55:47,300 - ✓ RENOVAINFINITY MEXICO: 1808 ads (métriques)
2025-08-27 20:55:50,173 -   Erreur 500 pour Rose&Mimosas
2025-08-27 20:55:50,174 - ✓ Rose&Mimosas: 500 ads (métriques)
2025-08-27 20:55:50,371 - ✓ Lactana cuenta publicitaria LF: 1206 ads (métriques)
2025-08-27 20:55:50,557 - ✓ Piu Pieza Unica: 1096 ads (métriques)
2025-08-27 20:55:51,599 - ✓ Tafg Cuenta Publicitaria: 889 ads (métriques)
2025-08-27 20:55:52,120 - ✓ Ana Sol Carrera: 1260 ads (métriques)
2025-08-27 20:55:52,360 - ✓ Gorilla Pump CUENTA: 831 ads (métriques)
2025-08-27 20:55:53,242 - ✓ Stone Fragrances Ads: 806 ads (métriques)
2025-08-27 20:55:55,123 - ✓ LeanTravel: 485 ads (métriques)
2025-08-27 20:55:56,325 - ✓ Cloe Time Shopify: 771 ads (métriques)
2025-08-27 20:55:56,345 - ✓ Anuncios MEETIK: 1150 ads (métriques)
2025-08-27 20:55:56,481 - ✓ Roze Parfum: 978 ads (métriques)
2025-08-27 20:55:56,860 - ✓ Charm Factory - Ads Alchemy: 2008 ads (métriques)
2025-08-27 20:55:58,712 - ✓ SCENTICA: 545 ads (métriques)
2025-08-27 20:55:59,153 - ✓ SANTA_PHIA_1: 1550 ads (métriques)
2025-08-27 20:56:00,732 - ✓ CP-SOHOCOLOR: 682 ads (métriques)
2025-08-27 20:56:02,133 - ✓ Oaxacapsx: 1452 ads (métriques)
2025-08-27 20:56:02,710 - ✓ Koro Beauty: 1015 ads (métriques)
2025-08-27 20:56:04,025 - ✓ Aromaespejo portafolio: 1904 ads (métriques)
2025-08-27 20:56:05,696 - ✓ ApiGreen Cuenta Publicitaria: 1389 ads (métriques)
2025-08-27 20:56:08,790 - ✓ popmartmexico.shop's ad accoun: 1243 ads (métriques)
2025-08-27 20:56:11,036 - ✓ WU: 1129 ads (métriques)
2025-08-27 20:56:11,327 - ✓ Naturale 2024: 1057 ads (métriques)
2025-08-27 20:56:22,938 - ✓ VITDAYMX: 4257 ads (métriques)
2025-08-27 20:56:23,035 - ✓ 217777970: 1566 ads (métriques)
2025-08-27 20:56:26,524 - ✓ Dr. Mon Ecommerce: 2385 ads (métriques)
2025-08-27 20:56:34,366 - ✓ koneli.mx: 2133 ads (métriques)
2025-08-27 20:56:38,221 - ✓ Moscca Fine Fragrance: 1738 ads (métriques)
2025-08-27 20:56:39,192 - ✓ Cuenta Comercial 2: 3884 ads (métriques)
2025-08-27 20:57:13,090 -   Erreur 500 pour Entiii
2025-08-27 20:57:13,090 - ✓ Entiii: 3500 ads (métriques)
2025-08-27 20:57:31,562 - ✓ Regula: 2993 ads (métriques)
2025-08-27 20:57:38,727 - ✓ PUBLICIDAD PERFUMARA: 4431 ads (métriques)
2025-08-27 20:57:39,530 - ✓ Petcare 2: 3263 ads (métriques)
2025-08-27 20:58:30,966 - ✓ Mandala: 5292 ads (métriques)
2025-08-27 20:58:38,440 - 🎨 Enrichissement de 85441 ads avec creatives...
2025-08-27 20:58:38,440 -    Batchs de 50 ads, 25 workers en parallèle
2025-08-27 20:58:38,451 -    1709 batchs à traiter
2025-08-27 20:58:53,326 -    Progress: 100/1709 batchs
2025-08-27 20:59:07,408 -    Progress: 200/1709 batchs
2025-08-27 20:59:21,294 -    Progress: 300/1709 batchs
2025-08-27 20:59:34,868 -    Progress: 400/1709 batchs
2025-08-27 20:59:49,984 -    Progress: 500/1709 batchs
2025-08-27 21:00:07,022 -    Progress: 600/1709 batchs
2025-08-27 21:00:26,113 -    Progress: 700/1709 batchs
2025-08-27 21:00:44,877 -    Progress: 800/1709 batchs
2025-08-27 21:01:02,049 -    Progress: 900/1709 batchs
2025-08-27 21:01:17,167 -    Progress: 1000/1709 batchs
2025-08-27 21:01:32,737 - Erreur batch creatives: HTTPSConnectionPool(host='graph.facebook.com', por
2025-08-27 21:01:32,737 -    Progress: 1100/1709 batchs
2025-08-27 21:01:50,463 -    Progress: 1200/1709 batchs
2025-08-27 21:02:06,742 -    Progress: 1300/1709 batchs
2025-08-27 21:02:25,299 -    Progress: 1400/1709 batchs
2025-08-27 21:05:50,390 - Erreur batch creatives: ('Connection aborted.', ConnectionResetError(54, '
2025-08-27 21:06:39,869 - Erreur batch creatives: HTTPSConnectionPool(host='graph.facebook.com', por
2025-08-27 21:06:46,174 - Erreur batch creatives: HTTPSConnectionPool(host='graph.facebook.com', por
2025-08-27 21:06:46,223 - Erreur batch creatives: HTTPSConnectionPool(host='graph.facebook.com', por
2025-08-27 21:06:47,737 - Erreur batch creatives: HTTPSConnectionPool(host='graph.facebook.com', por
2025-08-27 21:06:47,948 - Erreur batch creatives: HTTPSConnectionPool(host='graph.facebook.com', por
2025-08-27 21:06:48,149 - Erreur batch creatives: HTTPSConnectionPool(host='graph.facebook.com', por
2025-08-27 21:06:48,472 - Erreur batch creatives: HTTPSConnectionPool(host='graph.facebook.com', por
2025-08-27 21:06:48,727 - Erreur batch creatives: HTTPSConnectionPool(host='graph.facebook.com', por
2025-08-27 21:06:48,764 - Erreur batch creatives: HTTPSConnectionPool(host='graph.facebook.com', por
2025-08-27 21:06:48,851 - Erreur batch creatives: HTTPSConnectionPool(host='graph.facebook.com', por
2025-08-27 21:06:48,976 - Erreur batch creatives: HTTPSConnectionPool(host='graph.facebook.com', por
2025-08-27 21:06:49,055 - Erreur batch creatives: HTTPSConnectionPool(host='graph.facebook.com', por
2025-08-27 21:06:49,170 - Erreur batch creatives: HTTPSConnectionPool(host='graph.facebook.com', por
2025-08-27 21:06:49,212 - Erreur batch creatives: HTTPSConnectionPool(host='graph.facebook.com', por
2025-08-27 21:06:49,242 - Erreur batch creatives: HTTPSConnectionPool(host='graph.facebook.com', por
2025-08-27 21:06:49,281 - Erreur batch creatives: HTTPSConnectionPool(host='graph.facebook.com', por
2025-08-27 21:06:49,302 - Erreur batch creatives: HTTPSConnectionPool(host='graph.facebook.com', por
2025-08-27 21:06:49,348 - Erreur batch creatives: HTTPSConnectionPool(host='graph.facebook.com', por
2025-08-27 21:06:49,350 - Erreur batch creatives: HTTPSConnectionPool(host='graph.facebook.com', por
2025-08-27 21:06:49,372 - Erreur batch creatives: HTTPSConnectionPool(host='graph.facebook.com', por
2025-08-27 21:06:49,385 - Erreur batch creatives: HTTPSConnectionPool(host='graph.facebook.com', por
2025-08-27 21:06:49,452 - Erreur batch creatives: HTTPSConnectionPool(host='graph.facebook.com', por
2025-08-27 21:06:49,481 - Erreur batch creatives: HTTPSConnectionPool(host='graph.facebook.com', por
2025-08-27 21:06:49,509 - Erreur batch creatives: HTTPSConnectionPool(host='graph.facebook.com', por
2025-08-27 21:06:58,554 -    Progress: 1500/1709 batchs
2025-08-27 21:07:19,633 -    Progress: 1600/1709 batchs
2025-08-27 21:07:39,480 -    Progress: 1700/1709 batchs
2025-08-27 21:07:41,463 - ✅ 85424/85441 ads enrichies avec creatives
🎯 FETCH SANS DÉMOGRAPHIES - Tout sauf age/gender
======================================================================
📅 Période: 90 jours jusqu'à 2025-08-26
⚡ Workers: 32 en parallèle
🎨 Avec creatives (status, format, media)

📊 Récupération des comptes...
✅ 64 comptes actifs

📈 Étape 1: Récupération des métriques 2025-05-29 à 2025-08-26
  Progress: 10/64 comptes
  Progress: 20/64 comptes
  Progress: 30/64 comptes
  Progress: 40/64 comptes
  Progress: 50/64 comptes
  Progress: 60/64 comptes

✅ Métriques récupérées: 85441 ads
💾 Métriques sauvegardées dans data/temp/metrics_backup.json

📈 Étape 2: Récupération des creatives...

✅ Récupération terminée!
📊 Total: 85441 ads de 64 comptes

📊 Formats détectés:
  - VIDEO: 47934 ads
  - IMAGE: 20783 ads
  - CAROUSEL: 11718 ads
  - UNKNOWN: 5006 ads

📊 Status:
  - ACTIVE: 36230 ads
  - ADSET_PAUSED: 23449 ads
  - CAMPAIGN_PAUSED: 12753 ads
  - PAUSED: 12031 ads
  - ARCHIVED: 670 ads

📊 Génération des périodes...
  ✅ 3j: 3385 ads (2787 actives), $783,227 MXN
  ✅ 7j: 7892 ads (6153 actives), $1,788,145 MXN
  ✅ 14j: 14539 ads (10652 actives), $3,524,771 MXN
  ✅ 30j: 29164 ads (17983 actives), $7,286,346 MXN
  ✅ 90j: 85441 ads (36230 actives), $23,618,940 MXN

🎉 TERMINÉ en 13.1 minutes!
💾 Tous les fichiers dans data/current/

📊 Pour Pablo:
  - Active Ads: 36230
  - Total Investment: $23,618,940 MXN
  - Conversion Value: $535,448,755 MXN
  - ROAS moyen: 22.67

✨ Succès! Dashboard prêt avec 85441 ads
⚠️ Démographies: À récupérer à la demande dans le dashboard
