2025-08-27 18:38:32,206 - ✓ 28755295: 457 lignes (avec demo)
2025-08-27 18:38:34,678 -   Erreur 500 pour Regula
2025-08-27 18:38:34,679 - ✓ Regula: 0 lignes (avec demo)
2025-08-27 18:38:36,243 - ✓ Charm Factory - Kosette Beltra: 0 lignes (avec demo)
2025-08-27 18:38:38,519 -   Erreur 500 pour Chabacano 1
2025-08-27 18:38:38,519 - ✓ Chabacano 1: 0 lignes (avec demo)
2025-08-27 18:38:49,345 -   Erreur 500 pour RENOVAINFINITY MEXICO
2025-08-27 18:38:49,345 - ✓ RENOVAINFINITY MEXICO: 0 lignes (avec demo)
2025-08-27 18:38:55,423 -   Erreur 500 pour shopify
2025-08-27 18:38:55,423 - ✓ shopify: 0 lignes (avec demo)
2025-08-27 18:38:55,424 -   Erreur 400 pour Cero Degrees North Ad Account
2025-08-27 18:38:55,424 -   Erreur 500 pour Anuncios MEETIK
2025-08-27 18:38:55,424 - ✓ Cero Degrees North Ad Account: 0 lignes (avec demo)
2025-08-27 18:38:55,424 - ✓ Anuncios MEETIK: 0 lignes (avec demo)
2025-08-27 18:38:55,480 -   Erreur 500 pour PUBLICIDAD TITARINAS
2025-08-27 18:38:55,480 - ✓ PUBLICIDAD TITARINAS: 0 lignes (avec demo)
2025-08-27 18:38:55,499 -   Erreur 500 pour Ana Sol Carrera
2025-08-27 18:38:55,499 - ✓ Ana Sol Carrera: 0 lignes (avec demo)
2025-08-27 18:39:09,024 -   Erreur 500 pour Smellers MX
2025-08-27 18:39:09,024 - ✓ Smellers MX: 0 lignes (avec demo)
2025-08-27 18:39:26,306 -   Erreur 400 pour YEKE ADS
2025-08-27 18:39:26,306 - ✓ YEKE ADS: 0 lignes (avec demo)
2025-08-27 18:39:26,419 -   Erreur 500 pour APOLO 1.0
2025-08-27 18:39:26,419 - ✓ APOLO 1.0: 0 lignes (avec demo)
2025-08-27 18:39:26,421 -   Erreur 400 pour Mandala
2025-08-27 18:39:26,421 - ✓ Mandala: 0 lignes (avec demo)
2025-08-27 18:39:54,663 - ✓ FITFAM APP: 3481 lignes (avec demo)
2025-08-27 18:39:56,937 -   Erreur 500 pour SANTA_PHIA_1
2025-08-27 18:39:56,937 - ✓ SANTA_PHIA_1: 0 lignes (avec demo)
2025-08-27 18:39:57,909 - ✓ RAW APHOTECARY 2: 0 lignes (avec demo)
