2025-08-27 18:45:59,146 - ✓ 28755295: 457 lignes (avec demo)
2025-08-27 18:46:05,908 -   Erreur 500 pour Chabacano 1
2025-08-27 18:46:05,909 - ✓ Chabacano 1: 0 lignes (avec demo)
2025-08-27 18:46:05,937 -   Erreur 500 pour GRUPO PRESLOW/ROCKHAMPTON
2025-08-27 18:46:05,938 - ✓ GRUPO PRESLOW/ROCKHAMPTON: 0 lignes (avec demo)
2025-08-27 18:46:22,836 -   Erreur 400 pour Cero Degrees North Ad Account
2025-08-27 18:46:22,837 - ✓ Cero Degrees North Ad Account: 0 lignes (avec demo)
2025-08-27 18:46:22,837 -   Erreur 500 pour Ana Sol Carrera
2025-08-27 18:46:22,838 - ✓ Ana Sol Carrera: 0 lignes (avec demo)
2025-08-27 18:46:22,854 -   Erreur 500 pour shopify
2025-08-27 18:46:22,854 - ✓ shopify: 0 lignes (avec demo)
2025-08-27 18:46:22,855 -   Erreur 500 pour Anuncios MEETIK
2025-08-27 18:46:22,855 - ✓ Anuncios MEETIK: 0 lignes (avec demo)
2025-08-27 18:46:22,990 -   Erreur 500 pour S & S GOURMET
2025-08-27 18:46:22,990 - ✓ S & S GOURMET: 0 lignes (avec demo)
2025-08-27 18:46:34,671 -   Erreur 500 pour KRAPEL CUENTA PUBLICITARIA
2025-08-27 18:46:34,671 - ✓ KRAPEL CUENTA PUBLICITARIA: 0 lignes (avec demo)
2025-08-27 18:46:34,822 -   Erreur 500 pour Regula
2025-08-27 18:46:34,822 - ✓ Regula: 0 lignes (avec demo)
2025-08-27 18:46:47,401 -   Erreur 500 pour RENOVAINFINITY MEXICO
2025-08-27 18:46:47,401 - ✓ RENOVAINFINITY MEXICO: 0 lignes (avec demo)
